<?xml version="1.0" encoding="UTF-8"?>
<!-- Generated by org.testng.reporters.JUnitReportReporter -->
<testsuite skipped="0" hostname="admin-PC" name="com.testersconnect.tests.AcceptanceTestSuite" tests="3" failures="0" timestamp="18 May 2018 10:35:36 GMT" time="0.005" errors="0">
  <testcase name="test1" time="0.004" classname="com.testersconnect.tests.AcceptanceTestSuite"/>
  <testcase name="test2" time="0.000" classname="com.testersconnect.tests.AcceptanceTestSuite"/>
  <testcase name="test3" time="0.001" classname="com.testersconnect.tests.AcceptanceTestSuite"/>
</testsuite> <!-- com.testersconnect.tests.AcceptanceTestSuite -->
