<?xml version="1.0" encoding="UTF-8"?>
<!-- Generated by org.testng.reporters.JUnitReportReporter -->
<testsuite skipped="0" hostname="admin-PC" name="com.testersconnect.tests.AcceptanceTestSuite" tests="2" failures="0" timestamp="18 May 2018 10:08:59 GMT" time="0.015" errors="0">
  <testcase name="test2" time="0.000" classname="com.testersconnect.tests.AcceptanceTestSuite"/>
  <testcase name="test1" time="0.015" classname="com.testersconnect.tests.AcceptanceTestSuite"/>
</testsuite> <!-- com.testersconnect.tests.AcceptanceTestSuite -->
